<?xml version="1.0" encoding="UTF-8"?>
<testsuite name="EncryptDecryptTest" tests="1" skipped="0" failures="0" errors="0" timestamp="2019-10-01T23:37:02" hostname="LAPTOP-NTIOM630" time="0.074">
  <properties/>
  <testcase name="start" classname="EncryptDecryptTest" time="0.074"/>
  <system-out><![CDATA[]]></system-out>
  <system-err><![CDATA[Start test 1
Start test 2
Start test 3
Start test 4
Start test 5
Start test 6
]]></system-err>
</testsuite>
